make --dry-run --always-make --keep-going --print-directory
make: Entering directory '/home/enis/Documents/c++_project'
/usr/bin/cmake -S/home/enis/Documents/c++_project -B/home/enis/Documents/c++_project --check-build-system CMakeFiles/Makefile.cmake 0
/usr/bin/cmake -E cmake_progress_start /home/enis/Documents/c++_project/CMakeFiles /home/enis/Documents/c++_project//CMakeFiles/progress.marks
make -s -f CMakeFiles/Makefile2 all
make[1]: Entering directory '/home/enis/Documents/c++_project'
make -s -f CMakeFiles/app.dir/build.make CMakeFiles/app.dir/depend
make[2]: Entering directory '/home/enis/Documents/c++_project'
cd /home/enis/Documents/c++_project && /usr/bin/cmake -E cmake_depends "Unix Makefiles" /home/enis/Documents/c++_project /home/enis/Documents/c++_project /home/enis/Documents/c++_project /home/enis/Documents/c++_project /home/enis/Documents/c++_project/CMakeFiles/app.dir/DependInfo.cmake --color=
make[2]: Leaving directory '/home/enis/Documents/c++_project'
make -s -f CMakeFiles/app.dir/build.make CMakeFiles/app.dir/build
 
make[2]: Entering directory '/home/enis/Documents/c++_project'
/usr/bin/cmake -E cmake_echo_color --switch= --green --progress-dir=/home/enis/Documents/c++_project/CMakeFiles --progress-num=1 "Building CXX object CMakeFiles/app.dir/main.cpp.o"
/usr/bin/c++  -I/home/enis/Documents/c++_project  -MD -MT CMakeFiles/app.dir/main.cpp.o -MF CMakeFiles/app.dir/main.cpp.o.d -o CMakeFiles/app.dir/main.cpp.o -c /home/enis/Documents/c++_project/main.cpp
 
/usr/bin/cmake -E cmake_echo_color --switch= --green --progress-dir=/home/enis/Documents/c++_project/CMakeFiles --progress-num=2 "Building CXX object CMakeFiles/app.dir/foo.cpp.o"
/usr/bin/c++  -I/home/enis/Documents/c++_project  -MD -MT CMakeFiles/app.dir/foo.cpp.o -MF CMakeFiles/app.dir/foo.cpp.o.d -o CMakeFiles/app.dir/foo.cpp.o -c /home/enis/Documents/c++_project/foo.cpp
/usr/bin/cmake -E cmake_echo_color --switch= --green --bold --progress-dir=/home/enis/Documents/c++_project/CMakeFiles --progress-num=3 "Linking CXX executable app"
/usr/bin/cmake -E cmake_link_script CMakeFiles/app.dir/link.txt --verbose=
make[2]: Leaving directory '/home/enis/Documents/c++_project'
 
/usr/bin/cmake -E cmake_echo_color --switch= --progress-dir=/home/enis/Documents/c++_project/CMakeFiles --progress-num=1,2,3 "Built target app"
make[1]: Leaving directory '/home/enis/Documents/c++_project'
 
/usr/bin/cmake -E cmake_progress_start /home/enis/Documents/c++_project/CMakeFiles 0
make: Leaving directory '/home/enis/Documents/c++_project'
 
